<?xml version="1.0" encoding="UTF-8"?>
<!-- Generated by org.testng.reporters.JUnitReportReporter -->
<testsuite hostname="sharanabasappa" failures="3" tests="3" name="cucumberOptions.Ecom_TestNgRunner" time="68.912" errors="0" timestamp="2025-08-27T23:02:13 IST" skipped="0">
  <testcase classname="cucumberOptions.Ecom_TestNgRunner" name="runScenario" time="23.020">
    <failure message="expected [true] but found [false]" type="java.lang.AssertionError">
      <![CDATA[java.lang.AssertionError: expected [true] but found [false]
at org.testng.Assert.fail(Assert.java:111)
at org.testng.Assert.failNotEquals(Assert.java:1590)
at org.testng.Assert.assertTrue(Assert.java:57)
at org.testng.Assert.assertTrue(Assert.java:67)
at eCom_Rsa_Stepdefinitions.LandingPageStepDefinitions.user_is_on_greencart_landing_page(LandingPageStepDefinitions.java:42)
at ✽.User is on GreenCart Landing page(file:///F:/Sharan_Automation/Selenium_Cucumber/src/main/java/ecom_Rsa_FetureFile/searchProduct.feature:5)
]]>
    </failure>
  </testcase> <!-- runScenario -->
  <testcase classname="cucumberOptions.Ecom_TestNgRunner" name="runScenario" time="23.093">
    <failure message="expected [true] but found [false]" type="java.lang.AssertionError">
      <![CDATA[java.lang.AssertionError: expected [true] but found [false]
at org.testng.Assert.fail(Assert.java:111)
at org.testng.Assert.failNotEquals(Assert.java:1590)
at org.testng.Assert.assertTrue(Assert.java:57)
at org.testng.Assert.assertTrue(Assert.java:67)
at eCom_Rsa_Stepdefinitions.LandingPageStepDefinitions.user_is_on_greencart_landing_page(LandingPageStepDefinitions.java:42)
at ✽.User is on GreenCart Landing page(file:///F:/Sharan_Automation/Selenium_Cucumber/src/main/java/ecom_Rsa_FetureFile/searchProduct.feature:5)
]]>
    </failure>
  </testcase> <!-- runScenario -->
  <testcase classname="cucumberOptions.Ecom_TestNgRunner" name="runScenario" time="22.799">
    <failure message="expected [true] but found [false]" type="java.lang.AssertionError">
      <![CDATA[java.lang.AssertionError: expected [true] but found [false]
at org.testng.Assert.fail(Assert.java:111)
at org.testng.Assert.failNotEquals(Assert.java:1590)
at org.testng.Assert.assertTrue(Assert.java:57)
at org.testng.Assert.assertTrue(Assert.java:67)
at eCom_Rsa_Stepdefinitions.LandingPageStepDefinitions.user_is_on_greencart_landing_page(LandingPageStepDefinitions.java:42)
at ✽.User is on GreenCart Landing page(file:///F:/Sharan_Automation/Selenium_Cucumber/src/main/java/ecom_Rsa_FetureFile/Checkout.feature:5)
]]>
    </failure>
  </testcase> <!-- runScenario -->
</testsuite> <!-- cucumberOptions.Ecom_TestNgRunner -->
